[debug] [2020-05-02T11:20:51.126Z] ----------------------------------------------------------------------
[debug] [2020-05-02T11:20:51.128Z] Command:       C:\Program Files\nodejs\node.exe C:\Users\Ghada\AppData\Roaming\npm\node_modules\firebase-tools\lib\bin\firebase.js deploy
[debug] [2020-05-02T11:20:51.128Z] CLI Version:   8.2.0
[debug] [2020-05-02T11:20:51.128Z] Platform:      win32
[debug] [2020-05-02T11:20:51.128Z] Node Version:  v12.16.1
[debug] [2020-05-02T11:20:51.129Z] Time:          Sat May 02 2020 11:20:51 GMT+0000 (GMT)
[debug] [2020-05-02T11:20:51.129Z] ----------------------------------------------------------------------
[debug] [2020-05-02T11:20:51.129Z] 
[debug] [2020-05-02T11:20:51.136Z] > command requires scopes: ["email","openid","https://www.googleapis.com/auth/cloudplatformprojects.readonly","https://www.googleapis.com/auth/firebase","https://www.googleapis.com/auth/cloud-platform"]
[debug] [2020-05-02T11:20:51.136Z] > authorizing via signed-in user
[debug] [2020-05-02T11:20:51.137Z] [iam] checking project easyus for permissions ["firebase.projects.get","firebasehosting.sites.update"]
[debug] [2020-05-02T11:20:51.139Z] > refreshing access token with scopes: ["email","https://www.googleapis.com/auth/cloud-platform","https://www.googleapis.com/auth/cloudplatformprojects.readonly","https://www.googleapis.com/auth/firebase","openid"]
[debug] [2020-05-02T11:20:51.139Z] >>> HTTP REQUEST POST https://www.googleapis.com/oauth2/v3/token  
 <request body omitted>
[debug] [2020-05-02T11:20:51.466Z] <<< HTTP RESPONSE 200 {"content-type":"application/json; charset=utf-8","vary":"X-Origin, Referer, Origin,Accept-Encoding","date":"Sat, 02 May 2020 11:20:51 GMT","server":"scaffolding on HTTPServer2","cache-control":"private","x-xss-protection":"0","x-frame-options":"SAMEORIGIN","x-content-type-options":"nosniff","alt-svc":"h3-Q050=\":443\"; ma=2592000,h3-Q049=\":443\"; ma=2592000,h3-Q048=\":443\"; ma=2592000,h3-Q046=\":443\"; ma=2592000,h3-Q043=\":443\"; ma=2592000,quic=\":443\"; ma=2592000; v=\"46,43\"","accept-ranges":"none","transfer-encoding":"chunked"}
[debug] [2020-05-02T11:20:51.477Z] >>> HTTP REQUEST POST https://cloudresourcemanager.googleapis.com/v1/projects/easyus:testIamPermissions  
 {"permissions":["firebase.projects.get","firebasehosting.sites.update"]}
[debug] [2020-05-02T11:20:52.464Z] <<< HTTP RESPONSE 200 {"content-type":"application/json; charset=UTF-8","vary":"X-Origin, Referer, Origin,Accept-Encoding","date":"Sat, 02 May 2020 11:20:52 GMT","server":"ESF","cache-control":"private","x-xss-protection":"0","x-frame-options":"SAMEORIGIN","x-content-type-options":"nosniff","server-timing":"gfet4t7; dur=722","alt-svc":"h3-Q050=\":443\"; ma=2592000,h3-Q049=\":443\"; ma=2592000,h3-Q048=\":443\"; ma=2592000,h3-Q046=\":443\"; ma=2592000,h3-Q043=\":443\"; ma=2592000,quic=\":443\"; ma=2592000; v=\"46,43\"","accept-ranges":"none","transfer-encoding":"chunked"}
[debug] [2020-05-02T11:20:52.465Z] >>> HTTP REQUEST GET https://firebase.googleapis.com/v1beta1/projects/easyus  
 
[debug] [2020-05-02T11:20:52.889Z] <<< HTTP RESPONSE 200 {"content-type":"application/json; charset=UTF-8","vary":"X-Origin, Referer, Origin,Accept-Encoding","date":"Sat, 02 May 2020 11:20:53 GMT","server":"ESF","cache-control":"private","x-xss-protection":"0","x-frame-options":"SAMEORIGIN","x-content-type-options":"nosniff","alt-svc":"h3-Q050=\":443\"; ma=2592000,h3-Q049=\":443\"; ma=2592000,h3-Q048=\":443\"; ma=2592000,h3-Q046=\":443\"; ma=2592000,h3-Q043=\":443\"; ma=2592000,quic=\":443\"; ma=2592000; v=\"46,43\"","accept-ranges":"none","transfer-encoding":"chunked"}
[info] 
[info] === Deploying to 'easyus'...
[info] 
[info] i  deploying hosting
[debug] [2020-05-02T11:20:52.895Z] >>> HTTP REQUEST POST https://firebasehosting.googleapis.com/v1beta1/sites/easyus/versions  
 {"config":{"rewrites":[{"glob":"**","path":"/index.html"}]},"labels":{"deployment-tool":"cli-firebase"}}
